Логи
2019.June.10 время: 22:26:52 |  ——> /index.php
2019.June.10 время: 22:27:23 | http://mysite2.loc/index.php ——> /index.php?id=log
2019.June.10 время: 22:27:31 | http://mysite2.loc/index.php?id=log ——> /index.php?id=contact
2019.June.10 время: 22:27:33 | http://mysite2.loc/index.php?id=contact ——> /index.php
2019.June.10 время: 22:27:38 | http://mysite2.loc/index.php ——> /index.php?id=log
2019.June.10 время: 22:29:24 | http://mysite2.loc/index.php?id=log ——> /index.php?id=contact
2019.June.10 время: 22:37:36 | http://mysite2.loc/index.php?id=log ——> /index.php?id=contact
2019.June.10 время: 22:37:49 | http://mysite2.loc/index.php?id=log ——> /index.php?id=contact
2019.June.10 время: 22:38:05 | http://mysite2.loc/index.php?id=contact ——> /index.php?id=contact
2019.June.10 время: 22:39:18 | http://mysite2.loc/index.php?id=contact ——> /index.php?id=contact
2019.June.10 время: 22:45:08 | http://mysite2.loc/index.php?id=contact ——> /index.php?id=contact
2019.June.10 время: 22:46:00 | http://mysite2.loc/index.php?id=contact ——> /index.php?id=contact
2019.June.10 время: 22:46:17 | http://mysite2.loc/index.php?id=contact ——> /index.php?id=contact
2019.June.10 время: 22:47:06 | http://mysite2.loc/index.php?id=contact ——> /index.php?id=contact
2019.June.10 время: 22:47:27 | http://mysite2.loc/index.php?id=contact ——> /index.php?id=contact
2019.June.10 время: 22:50:02 | http://mysite2.loc/index.php?id=contact ——> /index.php?id=contact
2019.June.10 время: 23:15:27 |  ——> /
2019.June.10 время: 23:15:35 | http://mysite2.loc/ ——> /index.php?id=info
2019.June.10 время: 23:16:52 | http://mysite2.loc/ ——> /index.php?id=info
2019.June.10 время: 23:18:28 | http://mysite2.loc/ ——> /index.php?id=info
2019.June.10 время: 23:18:53 | http://mysite2.loc/ ——> /index.php?id=info
2019.June.10 время: 23:19:10 | http://mysite2.loc/ ——> /index.php?id=info
2019.June.10 время: 23:20:38 | http://mysite2.loc/ ——> /index.php?id=info
2019.June.10 время: 23:22:37 | http://mysite2.loc/ ——> /index.php?id=info
2019.June.10 время: 23:23:16 | http://mysite2.loc/ ——> /index.php?id=info
2019.June.10 время: 23:23:26 | http://mysite2.loc/ ——> /index.php?id=info
2019.June.10 время: 23:27:47 | http://mysite2.loc/ ——> /index.php?id=info
2019.June.10 время: 23:28:01 | http://mysite2.loc/ ——> /index.php?id=info
2019.June.10 время: 23:28:07 | http://mysite2.loc/ ——> /index.php?id=info
2019.June.10 время: 23:28:32 | http://mysite2.loc/ ——> /index.php?id=info
2019.June.10 время: 23:29:16 | http://mysite2.loc/ ——> /index.php?id=info
2019.June.11 время: 10:36:43 |  ——> /
2019.June.11 время: 10:36:46 | http://mysite2.loc/ ——> /index.php?id=info
2019.June.11 время: 10:37:05 | http://mysite2.loc/ ——> /index.php?id=info
2019.June.11 время: 10:38:01 | http://mysite2.loc/ ——> /index.php?id=info
2019.June.11 время: 10:38:10 | http://mysite2.loc/ ——> /index.php?id=info
2019.June.11 время: 10:38:28 | http://mysite2.loc/ ——> /index.php?id=info
2019.June.11 время: 10:39:13 | http://mysite2.loc/ ——> /index.php?id=info
2019.June.11 время: 10:41:12 | http://mysite2.loc/ ——> /index.php?id=info
2019.June.11 время: 10:41:45 | http://mysite2.loc/ ——> /index.php?id=info
2019.June.11 время: 10:48:32 | http://mysite2.loc/ ——> /index.php?id=info
2019.June.11 время: 10:48:52 | http://mysite2.loc/ ——> /index.php?id=info
2019.June.11 время: 10:49:14 | http://mysite2.loc/ ——> /index.php?id=info
2019.June.11 время: 10:49:31 | http://mysite2.loc/ ——> /index.php?id=info
2019.June.11 время: 10:52:54 | http://mysite2.loc/ ——> /index.php?id=info
2019.June.11 время: 10:53:26 | http://mysite2.loc/ ——> /index.php?id=info
2019.June.11 время: 10:53:38 | http://mysite2.loc/ ——> /index.php?id=info
2019.June.11 время: 10:53:50 | http://mysite2.loc/ ——> /index.php?id=info
2019.June.11 время: 10:54:07 | http://mysite2.loc/ ——> /index.php?id=info
2019.June.11 время: 10:54:54 | http://mysite2.loc/ ——> /index.php?id=info
2019.June.11 время: 10:56:16 | http://mysite2.loc/ ——> /index.php?id=info
2019.June.11 время: 10:56:31 | http://mysite2.loc/ ——> /index.php?id=info
2019.June.11 время: 10:57:13 | http://mysite2.loc/ ——> /index.php?id=info
2019.June.11 время: 10:58:12 | http://mysite2.loc/ ——> /index.php?id=info
2019.June.11 время: 10:58:22 | http://mysite2.loc/ ——> /index.php?id=info
2019.June.11 время: 10:59:32 | http://mysite2.loc/ ——> /index.php?id=info
2019.June.11 время: 10:59:50 | http://mysite2.loc/ ——> /index.php?id=info
2019.June.11 время: 11:00:52 | http://mysite2.loc/ ——> /index.php?id=info
2019.June.11 время: 11:01:38 | http://mysite2.loc/ ——> /index.php?id=info
2019.June.11 время: 11:01:48 | http://mysite2.loc/ ——> /index.php?id=info
2019.June.11 время: 11:02:11 | http://mysite2.loc/ ——> /index.php?id=info
2019.June.11 время: 11:03:08 | http://mysite2.loc/ ——> /index.php?id=info
2019.June.11 время: 11:03:29 | http://mysite2.loc/ ——> /index.php?id=info
2019.June.11 время: 11:04:41 | http://mysite2.loc/ ——> /index.php?id=info
2019.June.11 время: 11:04:49 | http://mysite2.loc/ ——> /index.php?id=info
2019.June.11 время: 11:04:59 | http://mysite2.loc/ ——> /index.php?id=info
2019.June.11 время: 11:05:07 | http://mysite2.loc/ ——> /index.php?id=info
2019.June.11 время: 11:05:13 | http://mysite2.loc/ ——> /index.php?id=info
2019.June.11 время: 11:05:18 | http://mysite2.loc/ ——> /index.php?id=info
2019.June.11 время: 11:05:57 | http://mysite2.loc/ ——> /index.php?id=info
2019.June.11 время: 11:06:06 | http://mysite2.loc/ ——> /index.php?id=info
2019.June.11 время: 11:14:40 | http://mysite2.loc/ ——> /index.php?id=info
2019.June.11 время: 11:18:57 | http://mysite2.loc/ ——> /index.php?id=info
2019.June.11 время: 11:22:30 | http://mysite2.loc/ ——> /index.php?id=info
2019.June.11 время: 11:22:37 | http://mysite2.loc/ ——> /index.php?id=info
2019.June.11 время: 11:22:56 | http://mysite2.loc/ ——> /index.php?id=info
2019.June.11 время: 11:23:14 | http://mysite2.loc/ ——> /index.php?id=info
2019.June.11 время: 11:29:29 | http://mysite2.loc/ ——> /index.php?id=info
2019.June.11 время: 11:29:42 | http://mysite2.loc/ ——> /index.php?id=info
2019.June.11 время: 11:37:30 | http://mysite2.loc/ ——> /index.php?id=info
2019.June.11 время: 11:37:50 | http://mysite2.loc/ ——> /index.php?id=info
2019.June.11 время: 11:39:42 | http://mysite2.loc/ ——> /index.php?id=info
2019.June.11 время: 11:40:25 | http://mysite2.loc/ ——> /index.php?id=info
2019.June.11 время: 11:42:12 | http://mysite2.loc/ ——> /index.php?id=info
2019.June.11 время: 11:44:28 | http://mysite2.loc/ ——> /index.php?id=info
2019.June.11 время: 11:45:21 | http://mysite2.loc/ ——> /index.php?id=info
2019.June.11 время: 11:52:47 |  ——> /
2019.June.11 время: 11:52:52 | http://mysite2.loc/ ——> /index.php?id=contact
2019.June.11 время: 11:52:54 | http://mysite2.loc/index.php?id=contact ——> /index.php
2019.June.11 время: 11:52:59 | http://mysite2.loc/index.php ——> /index.php?id=info
2019.June.11 время: 11:53:01 | http://mysite2.loc/index.php?id=info ——> /index.php?id=gbook
2019.June.11 время: 11:53:07 | http://mysite2.loc/index.php?id=gbook ——> /index.php?id=log
2019.June.11 время: 11:53:19 | http://mysite2.loc/index.php?id=log ——> /index.php
2019.June.16 время: 21:46:55 | http://mysite2.loc/inc/gbook.inc.php ——> /index.php?id=gbook&del=
2019.June.16 время: 21:47:36 | http://mysite2.loc/index.php?id=gbook&del= ——> /index.php?id=gbook&del=
2019.June.16 время: 21:47:39 |  ——> /index.php?id=gbook&del=
2019.June.16 время: 21:48:21 | http://mysite2.loc/index.php?id=gbook&del= ——> /index.php?id=gbook
2019.June.16 время: 22:06:49 |  ——> /index.php?id=gbook
2019.June.16 время: 22:07:57 |  ——> /index.php?id=gbook
2019.June.16 время: 22:08:42 | http://mysite2.loc/index.php?id=gbook ——> /index.php?id=gbook&del=1
2019.June.16 время: 22:08:51 |  ——> /index.php?id=gbook&del=1
2019.June.16 время: 22:08:54 | http://mysite2.loc/index.php?id=gbook&del=1 ——> /index.php?id=gbook&del=3
2019.June.16 время: 22:08:56 | http://mysite2.loc/index.php?id=gbook&del=3 ——> /index.php?id=gbook&del=2
2019.June.16 время: 22:10:18 |  ——> /index.php?id=gbook&del=2
2019.June.16 время: 22:10:20 | http://mysite2.loc/index.php?id=gbook&del=2 ——> /index.php?id=gbook&del=1
2019.June.16 время: 22:10:21 | http://mysite2.loc/index.php?id=gbook&del=1 ——> /index.php?id=gbook&del=3
2019.June.16 время: 22:13:20 |  ——> /index.php?id=gbook&del=3
2019.June.16 время: 22:13:24 | http://mysite2.loc/index.php?id=gbook&del=3 ——> /index.php?id=gbook&del=1
2019.June.16 время: 22:13:25 | http://mysite2.loc/index.php?id=gbook&del=1 ——> /index.php?id=gbook&del=2
2019.June.18 время: 13:14:57 |  ——> /
2019.June.18 время: 23:53:50 |  ——> /
2019.June.20 время: 08:14:46 |  ——> /
2019.June.20 время: 20:36:41 |  ——> /
2019.June.21 время: 00:53:01 |  ——> /
2019.June.22 время: 11:35:18 |  ——> /
2019.June.22 время: 17:20:53 |  ——> /
2019.June.25 время: 12:19:10 |  ——> /
2019.June.26 время: 00:18:37 |  ——> /
2019.June.26 время: 00:18:41 | http://mysite2.loc/ ——> /index.php?id=log
2019.June.26 время: 10:37:33 |  ——> /
2019.June.26 время: 20:03:27 |  ——> /
2019.June.26 время: 20:13:16 |  ——> /
2019.June.26 время: 20:13:55 |  ——> /
2019.June.26 время: 20:21:45 |  ——> /
2019.June.26 время: 20:21:50 |  ——> /
2019.June.26 время: 20:21:54 |  ——> /
2019.June.26 время: 20:21:55 |  ——> /
2019.June.26 время: 20:21:56 |  ——> /
2019.June.26 время: 20:21:57 |  ——> /
2019.June.26 время: 20:21:58 |  ——> /
2019.June.26 время: 20:22:41 |  ——> /
2019.June.26 время: 20:22:42 |  ——> /
2019.June.26 время: 20:22:43 |  ——> /
2019.June.26 время: 20:22:44 |  ——> /
2019.June.27 время: 00:57:24 |  ——> /
2019.November.17 время: 19:53:22 |  ——> /
2019.November.17 время: 19:53:26 |  ——> /
2019.November.17 время: 19:53:33 | http://mysite2.loc/ ——> /index.php
2019.November.17 время: 19:53:37 | http://mysite2.loc/index.php ——> /index.php?id=contact
2019.November.17 время: 19:53:47 | http://mysite2.loc/index.php?id=contact ——> /index.php?id=about
2019.November.17 время: 19:54:11 | http://mysite2.loc/test/index.php ——> /index.php
2019.November.17 время: 19:54:26 | http://mysite2.loc/test/index.php ——> /index.php
2019.November.17 время: 19:54:28 | http://mysite2.loc/index.php ——> /index.php?id=gbook
2019.November.17 время: 19:54:32 | http://mysite2.loc/index.php ——> /index.php?id=gbook
2019.November.17 время: 19:56:45 | http://mysite2.loc/index.php?id=gbook ——> /index.php?id=gbook
2019.November.17 время: 20:00:35 |  ——> /
2019.November.17 время: 20:00:38 | http://mysite2.loc/ ——> /index.php?id=log
2019.November.17 время: 20:07:25 |  ——> /
2019.November.17 время: 20:07:31 | http://mysite2.loc/ ——> /index.php?id=log
